<?xml version="1.0" encoding="UTF-8"?>
<testng-results skipped="0" failed="1" total="7" passed="6">
  <reporter-output>
  </reporter-output>
  <suite name="example suite 1" duration-ms="90560" started-at="2017-02-24T19:29:46Z" finished-at="2017-02-24T19:31:16Z">
    <groups>
    </groups>
    <test name="LIL suite 1" duration-ms="90560" started-at="2017-02-24T19:29:46Z" finished-at="2017-02-24T19:31:16Z">
      <class name="testcase.Login_Action">
        <test-method status="PASS" signature="beforeClass()[pri:0, instance:testcase.Login_Action@2f32ff]" name="beforeClass" is-config="true" duration-ms="26565" started-at="2017-02-24T11:29:46Z" finished-at="2017-02-24T11:30:13Z">
          <reporter-output>
          </reporter-output>
        </test-method> <!-- beforeClass -->
        <test-method status="PASS" signature="modal_open()[pri:1, instance:testcase.Login_Action@2f32ff]" name="modal_open" duration-ms="773" started-at="2017-02-24T11:30:13Z" finished-at="2017-02-24T11:30:13Z">
          <reporter-output>
          </reporter-output>
        </test-method> <!-- modal_open -->
        <test-method status="PASS" signature="enterCredentials(java.lang.String, java.lang.String)[pri:2, instance:testcase.Login_Action@2f32ff]" name="enterCredentials" duration-ms="11611" started-at="2017-02-24T11:30:15Z" data-provider="credentials" finished-at="2017-02-24T11:30:27Z">
          <params>
            <param index="0">
              <value>
                <![CDATA[rahulrathore010@gmail.com]]>
              </value>
            </param>
            <param index="1">
              <value>
                <![CDATA[rahul]]>
              </value>
            </param>
          </params>
          <reporter-output>
          </reporter-output>
        </test-method> <!-- enterCredentials -->
        <test-method status="PASS" signature="afterClass()[pri:0, instance:testcase.Login_Action@2f32ff]" name="afterClass" is-config="true" duration-ms="0" started-at="2017-02-24T11:30:27Z" finished-at="2017-02-24T11:30:27Z">
          <reporter-output>
          </reporter-output>
        </test-method> <!-- afterClass -->
      </class> <!-- testcase.Login_Action -->
      <class name="testcase.No_of_ProjectTestNG">
        <test-method status="PASS" signature="clickUponProjectTab()[pri:1, instance:testcase.No_of_ProjectTestNG@13f2bb1]" name="clickUponProjectTab" duration-ms="3597" started-at="2017-02-24T11:30:27Z" finished-at="2017-02-24T11:30:30Z">
          <reporter-output>
          </reporter-output>
        </test-method> <!-- clickUponProjectTab -->
      </class> <!-- testcase.No_of_ProjectTestNG -->
      <class name="testcase.CreateNewProjectTestNG">
        <test-method status="PASS" signature="clickOnProjWizard()[pri:1, instance:testcase.CreateNewProjectTestNG@e9a829]" name="clickOnProjWizard" duration-ms="6593" started-at="2017-02-24T11:30:30Z" finished-at="2017-02-24T11:30:37Z">
          <reporter-output>
          </reporter-output>
        </test-method> <!-- clickOnProjWizard -->
        <test-method status="PASS" signature="projectWizardAppear()[pri:2, instance:testcase.CreateNewProjectTestNG@e9a829]" name="projectWizardAppear" duration-ms="3252" started-at="2017-02-24T11:30:37Z" finished-at="2017-02-24T11:30:40Z">
          <reporter-output>
          </reporter-output>
        </test-method> <!-- projectWizardAppear -->
        <test-method status="PASS" signature="metaInformation()[pri:3, instance:testcase.CreateNewProjectTestNG@e9a829]" name="metaInformation" duration-ms="13922" started-at="2017-02-24T11:30:40Z" finished-at="2017-02-24T11:30:54Z">
          <reporter-output>
          </reporter-output>
        </test-method> <!-- metaInformation -->
        <test-method status="FAIL" signature="uploadProjectThumbnail()[pri:4, instance:testcase.CreateNewProjectTestNG@e9a829]" name="uploadProjectThumbnail" duration-ms="22253" started-at="2017-02-24T11:30:54Z" finished-at="2017-02-24T11:31:16Z">
          <exception class="org.openqa.selenium.NoSuchElementException">
            <message>
              <![CDATA[no such element: Unable to locate element: {"method":"class name","selector":"show"}
  (Session info: chrome=56.0.2924.87)
  (Driver info: chromedriver=2.25.426923 (0390b88869384d6eb0d5d09729679f934aab9eed),platform=Windows NT 6.3.9600 x86_64) (WARNING: The server did not provide any stacktrace information)
Command duration or timeout: 84 milliseconds
For documentation on this error, please visit: http://seleniumhq.org/exceptions/no_such_element.html
Build info: version: '2.53.0', revision: '35ae25b', time: '2016-03-15 17:00:58'
System info: host: 'Rahul', ip: '192.168.225.196', os.name: 'Windows 8.1', os.arch: 'x86', os.version: '6.3', java.version: '1.8.0_45'
Driver info: org.openqa.selenium.chrome.ChromeDriver
Capabilities [{applicationCacheEnabled=false, rotatable=false, mobileEmulationEnabled=false, networkConnectionEnabled=false, chrome={chromedriverVersion=2.25.426923 (0390b88869384d6eb0d5d09729679f934aab9eed), userDataDir=C:\Users\RAHUL-~1\AppData\Local\Temp\scoped_dir3616_5882}, takesHeapSnapshot=true, pageLoadStrategy=normal, databaseEnabled=false, handlesAlerts=true, hasTouchScreen=false, version=56.0.2924.87, platform=WIN8_1, browserConnectionEnabled=false, nativeEvents=true, acceptSslCerts=true, locationContextEnabled=true, webStorageEnabled=true, browserName=chrome, takesScreenshot=true, javascriptEnabled=true, cssSelectorsEnabled=true}]
Session ID: 1e35db9df0bb86e097d807c3ca7e80e8
*** Element info: {Using=class name, value=show}]]>
            </message>
            <full-stacktrace>
              <![CDATA[org.openqa.selenium.NoSuchElementException: no such element: Unable to locate element: {"method":"class name","selector":"show"}
  (Session info: chrome=56.0.2924.87)
  (Driver info: chromedriver=2.25.426923 (0390b88869384d6eb0d5d09729679f934aab9eed),platform=Windows NT 6.3.9600 x86_64) (WARNING: The server did not provide any stacktrace information)
Command duration or timeout: 84 milliseconds
For documentation on this error, please visit: http://seleniumhq.org/exceptions/no_such_element.html
Build info: version: '2.53.0', revision: '35ae25b', time: '2016-03-15 17:00:58'
System info: host: 'Rahul', ip: '192.168.225.196', os.name: 'Windows 8.1', os.arch: 'x86', os.version: '6.3', java.version: '1.8.0_45'
Driver info: org.openqa.selenium.chrome.ChromeDriver
Capabilities [{applicationCacheEnabled=false, rotatable=false, mobileEmulationEnabled=false, networkConnectionEnabled=false, chrome={chromedriverVersion=2.25.426923 (0390b88869384d6eb0d5d09729679f934aab9eed), userDataDir=C:\Users\RAHUL-~1\AppData\Local\Temp\scoped_dir3616_5882}, takesHeapSnapshot=true, pageLoadStrategy=normal, databaseEnabled=false, handlesAlerts=true, hasTouchScreen=false, version=56.0.2924.87, platform=WIN8_1, browserConnectionEnabled=false, nativeEvents=true, acceptSslCerts=true, locationContextEnabled=true, webStorageEnabled=true, browserName=chrome, takesScreenshot=true, javascriptEnabled=true, cssSelectorsEnabled=true}]
Session ID: 1e35db9df0bb86e097d807c3ca7e80e8
*** Element info: {Using=class name, value=show}
	at sun.reflect.NativeConstructorAccessorImpl.newInstance0(Native Method)
	at sun.reflect.NativeConstructorAccessorImpl.newInstance(Unknown Source)
	at sun.reflect.DelegatingConstructorAccessorImpl.newInstance(Unknown Source)
	at java.lang.reflect.Constructor.newInstance(Unknown Source)
	at org.openqa.selenium.remote.ErrorHandler.createThrowable(ErrorHandler.java:206)
	at org.openqa.selenium.remote.ErrorHandler.throwIfResponseFailed(ErrorHandler.java:158)
	at org.openqa.selenium.remote.RemoteWebDriver.execute(RemoteWebDriver.java:678)
	at org.openqa.selenium.remote.RemoteWebDriver.findElement(RemoteWebDriver.java:363)
	at org.openqa.selenium.remote.RemoteWebDriver.findElementByClassName(RemoteWebDriver.java:477)
	at org.openqa.selenium.By$ByClassName.findElement(By.java:391)
	at org.openqa.selenium.remote.RemoteWebDriver.findElement(RemoteWebDriver.java:355)
	at pageObjects.CreateNewProject.projectThumbnail(CreateNewProject.java:184)
	at testcase.CreateNewProjectTestNG.uploadProjectThumbnail(CreateNewProjectTestNG.java:31)
	at sun.reflect.NativeMethodAccessorImpl.invoke0(Native Method)
	at sun.reflect.NativeMethodAccessorImpl.invoke(Unknown Source)
	at sun.reflect.DelegatingMethodAccessorImpl.invoke(Unknown Source)
	at java.lang.reflect.Method.invoke(Unknown Source)
	at org.testng.internal.MethodInvocationHelper.invokeMethod(MethodInvocationHelper.java:85)
	at org.testng.internal.Invoker.invokeMethod(Invoker.java:639)
	at org.testng.internal.Invoker.invokeTestMethod(Invoker.java:816)
	at org.testng.internal.Invoker.invokeTestMethods(Invoker.java:1124)
	at org.testng.internal.TestMethodWorker.invokeTestMethods(TestMethodWorker.java:125)
	at org.testng.internal.TestMethodWorker.run(TestMethodWorker.java:108)
	at org.testng.TestRunner.privateRun(TestRunner.java:774)
	at org.testng.TestRunner.run(TestRunner.java:624)
	at org.testng.SuiteRunner.runTest(SuiteRunner.java:359)
	at org.testng.SuiteRunner.runSequentially(SuiteRunner.java:354)
	at org.testng.SuiteRunner.privateRun(SuiteRunner.java:312)
	at org.testng.SuiteRunner.run(SuiteRunner.java:261)
	at org.testng.SuiteRunnerWorker.runSuite(SuiteRunnerWorker.java:52)
	at org.testng.SuiteRunnerWorker.run(SuiteRunnerWorker.java:86)
	at org.testng.TestNG.runSuitesSequentially(TestNG.java:1215)
	at org.testng.TestNG.runSuitesLocally(TestNG.java:1140)
	at org.testng.TestNG.run(TestNG.java:1048)
	at org.testng.remote.AbstractRemoteTestNG.run(AbstractRemoteTestNG.java:132)
	at org.testng.remote.RemoteTestNG.initAndRun(RemoteTestNG.java:236)
	at org.testng.remote.RemoteTestNG.main(RemoteTestNG.java:81)
]]>
            </full-stacktrace>
          </exception> <!-- org.openqa.selenium.NoSuchElementException -->
          <reporter-output>
          </reporter-output>
        </test-method> <!-- uploadProjectThumbnail -->
      </class> <!-- testcase.CreateNewProjectTestNG -->
    </test> <!-- LIL suite 1 -->
  </suite> <!-- example suite 1 -->
</testng-results>
