<?xml version="1.0" encoding="UTF-8"?>
<!-- Generated by org.testng.reporters.JUnitXMLReporter -->
<testsuite hostname="Rahul" name="LIL suite 1" tests="7" failures="0" timestamp="28 Feb 2017 17:54:42 GMT" time="70.722" errors="0">
  <testcase name="modal_open" time="0.562" classname="testcase.Login_Action"/>
  <testcase name="enterCredentials" time="11.568" classname="testcase.Login_Action"/>
  <testcase name="clickUponProjectTab" time="4.756" classname="testcase.No_of_ProjectTestNG"/>
  <testcase name="openProject" time="3.963" classname="testcase.No_of_ProjectTestNG"/>
  <testcase name="callClass" time="0.009" classname="testcase.AddResourceTestNG"/>
  <testcase name="googleSearch" time="10.134" classname="testcase.AddResourceTestNG"/>
  <testcase name="dragnDropGoogleElement" time="4.486" classname="testcase.AddResourceTestNG"/>
</testsuite> <!-- LIL suite 1 -->
