<?xml version="1.0" encoding="UTF-8"?>
<!-- Generated by org.testng.reporters.JUnitXMLReporter -->
<testsuite hostname="Rahul" name="LIL suite 1" tests="6" failures="0" timestamp="23 Feb 2017 14:25:12 GMT" time="64.654" errors="0">
  <testcase name="modal_open" time="0.402" classname="testcase.Login_Action"/>
  <testcase name="enterCredentials" time="10.932" classname="testcase.Login_Action"/>
  <testcase name="clickUponProjectTab" time="3.143" classname="testcase.No_of_ProjectTestNG"/>
  <testcase name="clickOnProjWizard" time="6.392" classname="testcase.CreateNewProjectTestNG"/>
  <testcase name="projectWizardAppear" time="3.071" classname="testcase.CreateNewProjectTestNG"/>
  <testcase name="metaInformation" time="6.104" classname="testcase.CreateNewProjectTestNG"/>
</testsuite> <!-- LIL suite 1 -->
